# JRE version: OpenJDK Runtime Environment (8.0_152-b06) (build 1.8.0_152-release-1136-b06)
# Java VM: OpenJDK 64-Bit Server VM (25.152-b06 mixed mode linux-amd64 compressed oops)
Heap:
 PSYoungGen      total 303616K, used 274519K [0x00000000eab00000, 0x00000000ffb00000, 0x0000000100000000)
  eden space 262656K, 100% used [0x00000000eab00000,0x00000000fab80000,0x00000000fab80000)
  from space 40960K, 28% used [0x00000000fab80000,0x00000000fb715fd8,0x00000000fd380000)
  to   space 38400K, 99% used [0x00000000fd580000,0x00000000ffafa1d0,0x00000000ffb00000)
 ParOldGen       total 219648K, used 163875K [0x00000000c0000000, 0x00000000cd680000, 0x00000000eab00000)
  object space 219648K, 74% used [0x00000000c0000000,0x00000000ca008ee0,0x00000000cd680000)
 Metaspace       used 99179K, capacity 103686K, committed 103960K, reserved 1140736K
  class space    used 12595K, capacity 13515K, committed 13616K, reserved 1048576K
GC Heap History (10 events):
Event: 218,482 GC heap after
Heap after GC invocations=21 (full 4):
 PSYoungGen      total 297984K, used 6256K [0x00000000eab00000, 0x00000000fff00000, 0x0000000100000000)
  eden space 250880K, 0% used [0x00000000eab00000,0x00000000eab00000,0x00000000fa000000)
  from space 47104K, 13% used [0x00000000fa000000,0x00000000fa61c020,0x00000000fce00000)
  to   space 45568K, 0% used [0x00000000fd280000,0x00000000fd280000,0x00000000fff00000)
 ParOldGen       total 219648K, used 156245K [0x00000000c0000000, 0x00000000cd680000, 0x00000000eab00000)
  object space 219648K, 71% used [0x00000000c0000000,0x00000000c9895570,0x00000000cd680000)
 Metaspace       used 79910K, capacity 83862K, committed 83992K, reserved 1122304K
  class space    used 10439K, capacity 11250K, committed 11312K, reserved 1048576K
}
Event: 219,803 GC heap before
{Heap before GC invocations=22 (full 4):
 PSYoungGen      total 297984K, used 256691K [0x00000000eab00000, 0x00000000fff00000, 0x0000000100000000)
  eden space 250880K, 99% used [0x00000000eab00000,0x00000000f9f90fd0,0x00000000fa000000)
  from space 47104K, 13% used [0x00000000fa000000,0x00000000fa61c020,0x00000000fce00000)
  to   space 45568K, 0% used [0x00000000fd280000,0x00000000fd280000,0x00000000fff00000)
 ParOldGen       total 219648K, used 156245K [0x00000000c0000000, 0x00000000cd680000, 0x00000000eab00000)
  object space 219648K, 71% used [0x00000000c0000000,0x00000000c9895570,0x00000000cd680000)
 Metaspace       used 80035K, capacity 83948K, committed 84248K, reserved 1122304K
  class space    used 10440K, capacity 11251K, committed 11312K, reserved 1048576K
Event: 219,824 GC heap after
Heap after GC invocations=22 (full 4):
 PSYoungGen      total 299520K, used 2806K [0x00000000eab00000, 0x00000000ffc80000, 0x0000000100000000)
  eden space 256512K, 0% used [0x00000000eab00000,0x00000000eab00000,0x00000000fa580000)
  from space 43008K, 6% used [0x00000000fd280000,0x00000000fd53dae8,0x00000000ffc80000)
  to   space 44544K, 0% used [0x00000000fa580000,0x00000000fa580000,0x00000000fd100000)
 ParOldGen       total 219648K, used 161908K [0x00000000c0000000, 0x00000000cd680000, 0x00000000eab00000)
  object space 219648K, 73% used [0x00000000c0000000,0x00000000c9e1d030,0x00000000cd680000)
 Metaspace       used 80035K, capacity 83948K, committed 84248K, reserved 1122304K
  class space    used 10440K, capacity 11251K, committed 11312K, reserved 1048576K
}
Event: 221,498 GC heap before
{Heap before GC invocations=23 (full 4):
 PSYoungGen      total 299520K, used 258967K [0x00000000eab00000, 0x00000000ffc80000, 0x0000000100000000)
  eden space 256512K, 99% used [0x00000000eab00000,0x00000000fa5283e0,0x00000000fa580000)
  from space 43008K, 6% used [0x00000000fd280000,0x00000000fd53dae8,0x00000000ffc80000)
  to   space 44544K, 0% used [0x00000000fa580000,0x00000000fa580000,0x00000000fd100000)
 ParOldGen       total 219648K, used 161908K [0x00000000c0000000, 0x00000000cd680000, 0x00000000eab00000)
  object space 219648K, 73% used [0x00000000c0000000,0x00000000c9e1d030,0x00000000cd680000)
 Metaspace       used 80219K, capacity 84192K, committed 84248K, reserved 1122304K
  class space    used 10444K, capacity 11257K, committed 11312K, reserved 1048576K
Event: 221,509 GC heap after
Heap after GC invocations=23 (full 4):
 PSYoungGen      total 301056K, used 11628K [0x00000000eab00000, 0x00000000ffc80000, 0x0000000100000000)
  eden space 256512K, 0% used [0x00000000eab00000,0x00000000eab00000,0x00000000fa580000)
  from space 44544K, 26% used [0x00000000fa580000,0x00000000fb0db2d0,0x00000000fd100000)
  to   space 41984K, 0% used [0x00000000fd380000,0x00000000fd380000,0x00000000ffc80000)
 ParOldGen       total 219648K, used 163683K [0x00000000c0000000, 0x00000000cd680000, 0x00000000eab00000)
  object space 219648K, 74% used [0x00000000c0000000,0x00000000c9fd8ee0,0x00000000cd680000)
 Metaspace       used 80219K, capacity 84192K, committed 84248K, reserved 1122304K
  class space    used 10444K, capacity 11257K, committed 11312K, reserved 1048576K
}
Event: 221,757 GC heap before
{Heap before GC invocations=24 (full 4):
 PSYoungGen      total 301056K, used 267407K [0x00000000eab00000, 0x00000000ffc80000, 0x0000000100000000)
  eden space 256512K, 99% used [0x00000000eab00000,0x00000000fa4c8c68,0x00000000fa580000)
  from space 44544K, 26% used [0x00000000fa580000,0x00000000fb0db2d0,0x00000000fd100000)
  to   space 41984K, 0% used [0x00000000fd380000,0x00000000fd380000,0x00000000ffc80000)
 ParOldGen       total 219648K, used 163683K [0x00000000c0000000, 0x00000000cd680000, 0x00000000eab00000)
  object space 219648K, 74% used [0x00000000c0000000,0x00000000c9fd8ee0,0x00000000cd680000)
 Metaspace       used 80262K, capacity 84204K, committed 84504K, reserved 1122304K
  class space    used 10445K, capacity 11259K, committed 11312K, reserved 1048576K
Event: 221,762 GC heap after
Heap after GC invocations=24 (full 4):
 PSYoungGen      total 303616K, used 2246K [0x00000000eab00000, 0x00000000ffb80000, 0x0000000100000000)
  eden space 262656K, 0% used [0x00000000eab00000,0x00000000eab00000,0x00000000fab80000)
  from space 40960K, 5% used [0x00000000fd380000,0x00000000fd5b18e0,0x00000000ffb80000)
  to   space 40960K, 0% used [0x00000000fab80000,0x00000000fab80000,0x00000000fd380000)
 ParOldGen       total 219648K, used 163691K [0x00000000c0000000, 0x00000000cd680000, 0x00000000eab00000)
  object space 219648K, 74% used [0x00000000c0000000,0x00000000c9fdaee0,0x00000000cd680000)
 Metaspace       used 80262K, capacity 84204K, committed 84504K, reserved 1122304K
  class space    used 10445K, capacity 11259K, committed 11312K, reserved 1048576K
}
Event: 326,718 GC heap before
{Heap before GC invocations=25 (full 4):
 PSYoungGen      total 303616K, used 264902K [0x00000000eab00000, 0x00000000ffb80000, 0x0000000100000000)
  eden space 262656K, 100% used [0x00000000eab00000,0x00000000fab80000,0x00000000fab80000)
  from space 40960K, 5% used [0x00000000fd380000,0x00000000fd5b18e0,0x00000000ffb80000)
  to   space 40960K, 0% used [0x00000000fab80000,0x00000000fab80000,0x00000000fd380000)
 ParOldGen       total 219648K, used 163691K [0x00000000c0000000, 0x00000000cd680000, 0x00000000eab00000)
  object space 219648K, 74% used [0x00000000c0000000,0x00000000c9fdaee0,0x00000000cd680000)
 Metaspace       used 81792K, capacity 86162K, committed 86424K, reserved 1124352K
  class space    used 10568K, capacity 11424K, committed 11440K, reserved 1048576K
Event: 326,749 GC heap after
Heap after GC invocations=25 (full 4):
 PSYoungGen      total 303616K, used 11863K [0x00000000eab00000, 0x00000000ffb00000, 0x0000000100000000)
  eden space 262656K, 0% used [0x00000000eab00000,0x00000000eab00000,0x00000000fab80000)
  from space 40960K, 28% used [0x00000000fab80000,0x00000000fb715fd8,0x00000000fd380000)
  to   space 38400K, 0% used [0x00000000fd580000,0x00000000fd580000,0x00000000ffb00000)
 ParOldGen       total 219648K, used 163699K [0x00000000c0000000, 0x00000000cd680000, 0x00000000eab00000)
  object space 219648K, 74% used [0x00000000c0000000,0x00000000c9fdcee0,0x00000000cd680000)
 Metaspace       used 81792K, capacity 86162K, committed 86424K, reserved 1124352K
  class space    used 10568K, capacity 11424K, committed 11440K, reserved 1048576K
}
Event: 331,458 GC heap before
{Heap before GC invocations=26 (full 4):
 PSYoungGen      total 303616K, used 274519K [0x00000000eab00000, 0x00000000ffb00000, 0x0000000100000000)
  eden space 262656K, 100% used [0x00000000eab00000,0x00000000fab80000,0x00000000fab80000)
  from space 40960K, 28% used [0x00000000fab80000,0x00000000fb715fd8,0x00000000fd380000)
  to   space 38400K, 0% used [0x00000000fd580000,0x00000000fd580000,0x00000000ffb00000)
 ParOldGen       total 219648K, used 163699K [0x00000000c0000000, 0x00000000cd680000, 0x00000000eab00000)
  object space 219648K, 74% used [0x00000000c0000000,0x00000000c9fdcee0,0x00000000cd680000)
 Metaspace       used 99179K, capacity 103686K, committed 103960K, reserved 1140736K
  class space    used 12595K, capacity 13515K, committed 13616K, reserved 1048576K

