# JRE version: OpenJDK Runtime Environment (8.0_152-b06) (build 1.8.0_152-release-1136-b06)
# Java VM: OpenJDK 64-Bit Server VM (25.152-b06 mixed mode linux-amd64 compressed oops)
Heap:
 PSYoungGen      total 275968K, used 14938K [0x00000000eab00000, 0x0000000100000000, 0x0000000100000000)
  eden space 206336K, 0% used [0x00000000eab00000,0x00000000eab00000,0x00000000f7480000)
  from space 69632K, 21% used [0x00000000f7480000,0x00000000f8316888,0x00000000fb880000)
  to   space 69120K, 0% used [0x00000000fbc80000,0x00000000fbc80000,0x0000000100000000)
 ParOldGen       total 145920K, used 125738K [0x00000000c0000000, 0x00000000c8e80000, 0x00000000eab00000)
  object space 145920K, 86% used [0x00000000c0000000,0x00000000c7acaa10,0x00000000c8e80000)
 Metaspace       used 94234K, capacity 98562K, committed 98584K, reserved 1134592K
  class space    used 12071K, capacity 13104K, committed 13104K, reserved 1048576K
GC Heap History (10 events):
Event: 203,929 GC heap after
Heap after GC invocations=22 (full 3):
 PSYoungGen      total 252928K, used 41637K [0x00000000eab00000, 0x0000000100000000, 0x0000000100000000)
  eden space 210944K, 0% used [0x00000000eab00000,0x00000000eab00000,0x00000000f7900000)
  from space 41984K, 99% used [0x00000000f7900000,0x00000000fa1a9478,0x00000000fa200000)
  to   space 70144K, 0% used [0x00000000fbb80000,0x00000000fbb80000,0x0000000100000000)
 ParOldGen       total 145920K, used 102442K [0x00000000c0000000, 0x00000000c8e80000, 0x00000000eab00000)
  object space 145920K, 70% used [0x00000000c0000000,0x00000000c640a8d8,0x00000000c8e80000)
 Metaspace       used 92017K, capacity 96028K, committed 96280K, reserved 1132544K
  class space    used 11811K, capacity 12775K, committed 12848K, reserved 1048576K
}
Event: 205,488 GC heap before
{Heap before GC invocations=23 (full 3):
 PSYoungGen      total 252928K, used 252581K [0x00000000eab00000, 0x0000000100000000, 0x0000000100000000)
  eden space 210944K, 100% used [0x00000000eab00000,0x00000000f7900000,0x00000000f7900000)
  from space 41984K, 99% used [0x00000000f7900000,0x00000000fa1a9478,0x00000000fa200000)
  to   space 70144K, 0% used [0x00000000fbb80000,0x00000000fbb80000,0x0000000100000000)
 ParOldGen       total 145920K, used 102442K [0x00000000c0000000, 0x00000000c8e80000, 0x00000000eab00000)
  object space 145920K, 70% used [0x00000000c0000000,0x00000000c640a8d8,0x00000000c8e80000)
 Metaspace       used 92506K, capacity 96600K, committed 96920K, reserved 1132544K
  class space    used 11879K, capacity 12853K, committed 12976K, reserved 1048576K
Event: 205,567 GC heap after
Heap after GC invocations=23 (full 3):
 PSYoungGen      total 275968K, used 44470K [0x00000000eab00000, 0x0000000100000000, 0x0000000100000000)
  eden space 205824K, 0% used [0x00000000eab00000,0x00000000eab00000,0x00000000f7400000)
  from space 70144K, 63% used [0x00000000fbb80000,0x00000000fe6eda18,0x0000000100000000)
  to   space 71680K, 0% used [0x00000000f7400000,0x00000000f7400000,0x00000000fba00000)
 ParOldGen       total 145920K, used 102450K [0x00000000c0000000, 0x00000000c8e80000, 0x00000000eab00000)
  object space 145920K, 70% used [0x00000000c0000000,0x00000000c640c8d8,0x00000000c8e80000)
 Metaspace       used 92506K, capacity 96600K, committed 96920K, reserved 1132544K
  class space    used 11879K, capacity 12853K, committed 12976K, reserved 1048576K
}
Event: 207,032 GC heap before
{Heap before GC invocations=24 (full 3):
 PSYoungGen      total 275968K, used 249766K [0x00000000eab00000, 0x0000000100000000, 0x0000000100000000)
  eden space 205824K, 99% used [0x00000000eab00000,0x00000000f737bf98,0x00000000f7400000)
  from space 70144K, 63% used [0x00000000fbb80000,0x00000000fe6eda18,0x0000000100000000)
  to   space 71680K, 0% used [0x00000000f7400000,0x00000000f7400000,0x00000000fba00000)
 ParOldGen       total 145920K, used 102450K [0x00000000c0000000, 0x00000000c8e80000, 0x00000000eab00000)
  object space 145920K, 70% used [0x00000000c0000000,0x00000000c640c8d8,0x00000000c8e80000)
 Metaspace       used 92692K, capacity 96942K, committed 97176K, reserved 1134592K
  class space    used 11895K, capacity 12896K, committed 12976K, reserved 1048576K
Event: 207,087 GC heap after
Heap after GC invocations=24 (full 3):
 PSYoungGen      total 277504K, used 40429K [0x00000000eab00000, 0x0000000100000000, 0x0000000100000000)
  eden space 205824K, 0% used [0x00000000eab00000,0x00000000eab00000,0x00000000f7400000)
  from space 71680K, 56% used [0x00000000f7400000,0x00000000f9b7b7a0,0x00000000fba00000)
  to   space 71168K, 0% used [0x00000000fba80000,0x00000000fba80000,0x0000000100000000)
 ParOldGen       total 145920K, used 102458K [0x00000000c0000000, 0x00000000c8e80000, 0x00000000eab00000)
  object space 145920K, 70% used [0x00000000c0000000,0x00000000c640e8d8,0x00000000c8e80000)
 Metaspace       used 92692K, capacity 96942K, committed 97176K, reserved 1134592K
  class space    used 11895K, capacity 12896K, committed 12976K, reserved 1048576K
}
Event: 207,908 GC heap before
{Heap before GC invocations=25 (full 3):
 PSYoungGen      total 277504K, used 246253K [0x00000000eab00000, 0x0000000100000000, 0x0000000100000000)
  eden space 205824K, 100% used [0x00000000eab00000,0x00000000f7400000,0x00000000f7400000)
  from space 71680K, 56% used [0x00000000f7400000,0x00000000f9b7b7a0,0x00000000fba00000)
  to   space 71168K, 0% used [0x00000000fba80000,0x00000000fba80000,0x0000000100000000)
 ParOldGen       total 145920K, used 102458K [0x00000000c0000000, 0x00000000c8e80000, 0x00000000eab00000)
  object space 145920K, 70% used [0x00000000c0000000,0x00000000c640e8d8,0x00000000c8e80000)
 Metaspace       used 93661K, capacity 97992K, committed 98328K, reserved 1134592K
  class space    used 11987K, capacity 13015K, committed 13104K, reserved 1048576K
Event: 207,973 GC heap after
Heap after GC invocations=25 (full 3):
 PSYoungGen      total 273920K, used 38680K [0x00000000eab00000, 0x00000000ffc80000, 0x0000000100000000)
  eden space 206336K, 0% used [0x00000000eab00000,0x00000000eab00000,0x00000000f7480000)
  from space 67584K, 57% used [0x00000000fba80000,0x00000000fe046318,0x00000000ffc80000)
  to   space 69632K, 0% used [0x00000000f7480000,0x00000000f7480000,0x00000000fb880000)
 ParOldGen       total 145920K, used 102466K [0x00000000c0000000, 0x00000000c8e80000, 0x00000000eab00000)
  object space 145920K, 70% used [0x00000000c0000000,0x00000000c64108d8,0x00000000c8e80000)
 Metaspace       used 93661K, capacity 97992K, committed 98328K, reserved 1134592K
  class space    used 11987K, capacity 13015K, committed 13104K, reserved 1048576K
}
Event: 208,460 GC heap before
{Heap before GC invocations=26 (full 3):
 PSYoungGen      total 273920K, used 68804K [0x00000000eab00000, 0x00000000ffc80000, 0x0000000100000000)
  eden space 206336K, 14% used [0x00000000eab00000,0x00000000ec86ae10,0x00000000f7480000)
  from space 67584K, 57% used [0x00000000fba80000,0x00000000fe046318,0x00000000ffc80000)
  to   space 69632K, 0% used [0x00000000f7480000,0x00000000f7480000,0x00000000fb880000)
 ParOldGen       total 145920K, used 102466K [0x00000000c0000000, 0x00000000c8e80000, 0x00000000eab00000)
  object space 145920K, 70% used [0x00000000c0000000,0x00000000c64108d8,0x00000000c8e80000)
 Metaspace       used 94234K, capacity 98562K, committed 98584K, reserved 1134592K
  class space    used 12071K, capacity 13104K, committed 13104K, reserved 1048576K
Event: 208,519 GC heap after
Heap after GC invocations=26 (full 3):
 PSYoungGen      total 275968K, used 14938K [0x00000000eab00000, 0x0000000100000000, 0x0000000100000000)
  eden space 206336K, 0% used [0x00000000eab00000,0x00000000eab00000,0x00000000f7480000)
  from space 69632K, 21% used [0x00000000f7480000,0x00000000f8316888,0x00000000fb880000)
  to   space 69120K, 0% used [0x00000000fbc80000,0x00000000fbc80000,0x0000000100000000)
 ParOldGen       total 145920K, used 125738K [0x00000000c0000000, 0x00000000c8e80000, 0x00000000eab00000)
  object space 145920K, 86% used [0x00000000c0000000,0x00000000c7acaa10,0x00000000c8e80000)
 Metaspace       used 94234K, capacity 98562K, committed 98584K, reserved 1134592K
  class space    used 12071K, capacity 13104K, committed 13104K, reserved 1048576K
}
Event: 208,519 GC heap before
{Heap before GC invocations=27 (full 4):
 PSYoungGen      total 275968K, used 14938K [0x00000000eab00000, 0x0000000100000000, 0x0000000100000000)
  eden space 206336K, 0% used [0x00000000eab00000,0x00000000eab00000,0x00000000f7480000)
  from space 69632K, 21% used [0x00000000f7480000,0x00000000f8316888,0x00000000fb880000)
  to   space 69120K, 0% used [0x00000000fbc80000,0x00000000fbc80000,0x0000000100000000)
 ParOldGen       total 145920K, used 125738K [0x00000000c0000000, 0x00000000c8e80000, 0x00000000eab00000)
  object space 145920K, 86% used [0x00000000c0000000,0x00000000c7acaa10,0x00000000c8e80000)
 Metaspace       used 94234K, capacity 98562K, committed 98584K, reserved 1134592K
  class space    used 12071K, capacity 13104K, committed 13104K, reserved 1048576K

