# JRE version: OpenJDK Runtime Environment (8.0_152-b06) (build 1.8.0_152-release-1136-b06)
# Java VM: OpenJDK 64-Bit Server VM (25.152-b06 mixed mode linux-amd64 compressed oops)
Heap:
 PSYoungGen      total 255488K, used 17830K [0x00000000eab00000, 0x00000000ff500000, 0x0000000100000000)
  eden space 173056K, 5% used [0x00000000eab00000,0x00000000eb43bb68,0x00000000f5400000)
  from space 82432K, 10% used [0x00000000f5400000,0x00000000f5c2dfe0,0x00000000fa480000)
  to   space 77824K, 0% used [0x00000000fa900000,0x00000000fa900000,0x00000000ff500000)
 ParOldGen       total 273920K, used 229995K [0x00000000c0000000, 0x00000000d0b80000, 0x00000000eab00000)
  object space 273920K, 83% used [0x00000000c0000000,0x00000000ce09ad38,0x00000000d0b80000)
 Metaspace       used 103869K, capacity 110130K, committed 110488K, reserved 1144832K
  class space    used 13120K, capacity 14388K, committed 14512K, reserved 1048576K
GC Heap History (10 events):
Event: 913,322 GC heap before
{Heap before GC invocations=69 (full 6):
 PSYoungGen      total 253952K, used 164745K [0x00000000eab00000, 0x0000000100000000, 0x0000000100000000)
  eden space 154624K, 99% used [0x00000000eab00000,0x00000000f41db880,0x00000000f4200000)
  from space 99328K, 10% used [0x00000000f9f00000,0x00000000fa906d40,0x0000000100000000)
  to   space 95232K, 0% used [0x00000000f4200000,0x00000000f4200000,0x00000000f9f00000)
 ParOldGen       total 273920K, used 218082K [0x00000000c0000000, 0x00000000d0b80000, 0x00000000eab00000)
  object space 273920K, 79% used [0x00000000c0000000,0x00000000cd4f8be0,0x00000000d0b80000)
 Metaspace       used 103743K, capacity 109938K, committed 110232K, reserved 1144832K
  class space    used 13114K, capacity 14378K, committed 14512K, reserved 1048576K
Event: 913,333 GC heap after
Heap after GC invocations=69 (full 6):
 PSYoungGen      total 165888K, used 10808K [0x00000000eab00000, 0x00000000ff300000, 0x0000000100000000)
  eden space 154624K, 0% used [0x00000000eab00000,0x00000000eab00000,0x00000000f4200000)
  from space 11264K, 95% used [0x00000000f4200000,0x00000000f4c8e0d0,0x00000000f4d00000)
  to   space 90624K, 0% used [0x00000000f9a80000,0x00000000f9a80000,0x00000000ff300000)
 ParOldGen       total 273920K, used 219805K [0x00000000c0000000, 0x00000000d0b80000, 0x00000000eab00000)
  object space 273920K, 80% used [0x00000000c0000000,0x00000000cd6a7500,0x00000000d0b80000)
 Metaspace       used 103743K, capacity 109938K, committed 110232K, reserved 1144832K
  class space    used 13114K, capacity 14378K, committed 14512K, reserved 1048576K
}
Event: 913,375 GC heap before
{Heap before GC invocations=70 (full 6):
 PSYoungGen      total 165888K, used 164750K [0x00000000eab00000, 0x00000000ff300000, 0x0000000100000000)
  eden space 154624K, 99% used [0x00000000eab00000,0x00000000f41557e0,0x00000000f4200000)
  from space 11264K, 95% used [0x00000000f4200000,0x00000000f4c8e0d0,0x00000000f4d00000)
  to   space 90624K, 0% used [0x00000000f9a80000,0x00000000f9a80000,0x00000000ff300000)
 ParOldGen       total 273920K, used 219805K [0x00000000c0000000, 0x00000000d0b80000, 0x00000000eab00000)
  object space 273920K, 80% used [0x00000000c0000000,0x00000000cd6a7500,0x00000000d0b80000)
 Metaspace       used 103743K, capacity 109938K, committed 110232K, reserved 1144832K
  class space    used 13114K, capacity 14378K, committed 14512K, reserved 1048576K
Event: 913,382 GC heap after
Heap after GC invocations=70 (full 6):
 PSYoungGen      total 247296K, used 64K [0x00000000eab00000, 0x0000000100000000, 0x0000000100000000)
  eden space 156672K, 0% used [0x00000000eab00000,0x00000000eab00000,0x00000000f4400000)
  from space 90624K, 0% used [0x00000000f9a80000,0x00000000f9a90000,0x00000000ff300000)
  to   space 88576K, 0% used [0x00000000f4400000,0x00000000f4400000,0x00000000f9a80000)
 ParOldGen       total 273920K, used 229907K [0x00000000c0000000, 0x00000000d0b80000, 0x00000000eab00000)
  object space 273920K, 83% used [0x00000000c0000000,0x00000000ce084d38,0x00000000d0b80000)
 Metaspace       used 103743K, capacity 109938K, committed 110232K, reserved 1144832K
  class space    used 13114K, capacity 14378K, committed 14512K, reserved 1048576K
}
Event: 913,427 GC heap before
{Heap before GC invocations=71 (full 6):
 PSYoungGen      total 247296K, used 156567K [0x00000000eab00000, 0x0000000100000000, 0x0000000100000000)
  eden space 156672K, 99% used [0x00000000eab00000,0x00000000f43d5e28,0x00000000f4400000)
  from space 90624K, 0% used [0x00000000f9a80000,0x00000000f9a90000,0x00000000ff300000)
  to   space 88576K, 0% used [0x00000000f4400000,0x00000000f4400000,0x00000000f9a80000)
 ParOldGen       total 273920K, used 229907K [0x00000000c0000000, 0x00000000d0b80000, 0x00000000eab00000)
  object space 273920K, 83% used [0x00000000c0000000,0x00000000ce084d38,0x00000000d0b80000)
 Metaspace       used 103743K, capacity 109938K, committed 110232K, reserved 1144832K
  class space    used 13114K, capacity 14378K, committed 14512K, reserved 1048576K
Event: 913,432 GC heap after
Heap after GC invocations=71 (full 6):
 PSYoungGen      total 245248K, used 96K [0x00000000eab00000, 0x00000000ff800000, 0x0000000100000000)
  eden space 156672K, 0% used [0x00000000eab00000,0x00000000eab00000,0x00000000f4400000)
  from space 88576K, 0% used [0x00000000f4400000,0x00000000f4418000,0x00000000f9a80000)
  to   space 85504K, 0% used [0x00000000fa480000,0x00000000fa480000,0x00000000ff800000)
 ParOldGen       total 273920K, used 229939K [0x00000000c0000000, 0x00000000d0b80000, 0x00000000eab00000)
  object space 273920K, 83% used [0x00000000c0000000,0x00000000ce08cd38,0x00000000d0b80000)
 Metaspace       used 103743K, capacity 109938K, committed 110232K, reserved 1144832K
  class space    used 13114K, capacity 14378K, committed 14512K, reserved 1048576K
}
Event: 913,473 GC heap before
{Heap before GC invocations=72 (full 6):
 PSYoungGen      total 245248K, used 156009K [0x00000000eab00000, 0x00000000ff800000, 0x0000000100000000)
  eden space 156672K, 99% used [0x00000000eab00000,0x00000000f43425e0,0x00000000f4400000)
  from space 88576K, 0% used [0x00000000f4400000,0x00000000f4418000,0x00000000f9a80000)
  to   space 85504K, 0% used [0x00000000fa480000,0x00000000fa480000,0x00000000ff800000)
 ParOldGen       total 273920K, used 229939K [0x00000000c0000000, 0x00000000d0b80000, 0x00000000eab00000)
  object space 273920K, 83% used [0x00000000c0000000,0x00000000ce08cd38,0x00000000d0b80000)
 Metaspace       used 103743K, capacity 109938K, committed 110232K, reserved 1144832K
  class space    used 13114K, capacity 14378K, committed 14512K, reserved 1048576K
Event: 913,481 GC heap after
Heap after GC invocations=72 (full 6):
 PSYoungGen      total 257536K, used 128K [0x00000000eab00000, 0x00000000ff700000, 0x0000000100000000)
  eden space 173056K, 0% used [0x00000000eab00000,0x00000000eab00000,0x00000000f5400000)
  from space 84480K, 0% used [0x00000000fa480000,0x00000000fa4a0000,0x00000000ff700000)
  to   space 82432K, 0% used [0x00000000f5400000,0x00000000f5400000,0x00000000fa480000)
 ParOldGen       total 273920K, used 229971K [0x00000000c0000000, 0x00000000d0b80000, 0x00000000eab00000)
  object space 273920K, 83% used [0x00000000c0000000,0x00000000ce094d38,0x00000000d0b80000)
 Metaspace       used 103743K, capacity 109938K, committed 110232K, reserved 1144832K
  class space    used 13114K, capacity 14378K, committed 14512K, reserved 1048576K
}
Event: 946,600 GC heap before
{Heap before GC invocations=73 (full 6):
 PSYoungGen      total 257536K, used 173184K [0x00000000eab00000, 0x00000000ff700000, 0x0000000100000000)
  eden space 173056K, 100% used [0x00000000eab00000,0x00000000f5400000,0x00000000f5400000)
  from space 84480K, 0% used [0x00000000fa480000,0x00000000fa4a0000,0x00000000ff700000)
  to   space 82432K, 0% used [0x00000000f5400000,0x00000000f5400000,0x00000000fa480000)
 ParOldGen       total 273920K, used 229971K [0x00000000c0000000, 0x00000000d0b80000, 0x00000000eab00000)
  object space 273920K, 83% used [0x00000000c0000000,0x00000000ce094d38,0x00000000d0b80000)
 Metaspace       used 103865K, capacity 110130K, committed 110488K, reserved 1144832K
  class space    used 13120K, capacity 14388K, committed 14512K, reserved 1048576K
Event: 946,635 GC heap after
Heap after GC invocations=73 (full 6):
 PSYoungGen      total 255488K, used 8375K [0x00000000eab00000, 0x00000000ff500000, 0x0000000100000000)
  eden space 173056K, 0% used [0x00000000eab00000,0x00000000eab00000,0x00000000f5400000)
  from space 82432K, 10% used [0x00000000f5400000,0x00000000f5c2dfe0,0x00000000fa480000)
  to   space 77824K, 0% used [0x00000000fa900000,0x00000000fa900000,0x00000000ff500000)
 ParOldGen       total 273920K, used 229995K [0x00000000c0000000, 0x00000000d0b80000, 0x00000000eab00000)
  object space 273920K, 83% used [0x00000000c0000000,0x00000000ce09ad38,0x00000000d0b80000)
 Metaspace       used 103865K, capacity 110130K, committed 110488K, reserved 1144832K
  class space    used 13120K, capacity 14388K, committed 14512K, reserved 1048576K
}

